2018-10-08 08:33:00,846 - spider.driver.base.logger - INFO - Start print log
2018-10-08 08:33:00,846 - spider.driver.base.logger - DEBUG - load images is false
2018-10-08 08:33:13,016 - spider.driver.base.logger - DEBUG - 飞猪-天台山-景点
2018-10-08 08:33:13,841 - spider.driver.base.logger - DEBUG - fliggyspotspider.get_shop_info_list.[79] - driver.fast_get_page.[2367] : 经过1次创建session和0次关闭session,成功加载页面!!!
2018-10-08 08:37:02,223 - spider.driver.base.logger - INFO - Start print log
2018-10-08 08:37:02,223 - spider.driver.base.logger - DEBUG - load images is false
2018-10-08 08:37:03,631 - spider.driver.base.logger - DEBUG - 大众点评-天台山-景点
2018-10-08 08:37:05,740 - spider.driver.base.logger - DEBUG - dianpingspotspider.login.[253] - driver.fast_new_page.[2399] : 经过1次创建标签页和0次关闭标签页,成功加载页面!!!
2018-10-08 08:38:46,265 - spider.driver.base.logger - DEBUG - dianpingspotspider.get_shop_comment.[192] - driver.fast_new_page.[2399] : 经过1次创建标签页和0次关闭标签页,成功加载页面!!!
2018-10-08 08:38:46,267 - spider.driver.base.logger - INFO - dianpingspotspider.get_shop_comment.[194] - driver.from_page_get_data_list.[2137] : 大众点评景点评论列表
2018-10-08 08:38:54,055 - spider.driver.base.logger - ERROR - dianpingspotspider.get_shop_comment.[194] - driver.from_page_get_data_list.[2204] : Traceback (most recent call last):
  File "/home/lab421/文档/github/Lab421TouristDspider/spider/driver/base/driver.py", line 2143, in from_page_get_data_list
    elements_list = self.until_presence_of_all_elements_located_by_css_selector(css_selector=page.listcssselector.list_css_selector)
  File "/home/lab421/文档/github/Lab421TouristDspider/spider/driver/base/driver.py", line 868, in until_presence_of_all_elements_located_by_css_selector
    return WebDriverWait(ele, timeout).until(EC.presence_of_all_elements_located((By.CSS_SELECTOR, css_selector)))
  File "/home/lab421/anaconda3/lib/python3.6/site-packages/selenium/webdriver/support/wait.py", line 71, in until
    value = method(self._driver)
  File "/home/lab421/anaconda3/lib/python3.6/site-packages/selenium/webdriver/support/expected_conditions.py", line 161, in __call__
    return _find_elements(driver, self.locator)
  File "/home/lab421/anaconda3/lib/python3.6/site-packages/selenium/webdriver/support/expected_conditions.py", line 422, in _find_elements
    raise e
  File "/home/lab421/anaconda3/lib/python3.6/site-packages/selenium/webdriver/support/expected_conditions.py", line 420, in _find_elements
    return driver.find_elements(*by)
  File "/home/lab421/anaconda3/lib/python3.6/site-packages/selenium/webdriver/remote/webdriver.py", line 995, in find_elements
    'value': value})['value'] or []
  File "/home/lab421/anaconda3/lib/python3.6/site-packages/selenium/webdriver/remote/webdriver.py", line 320, in execute
    self.error_handler.check_response(response)
  File "/home/lab421/anaconda3/lib/python3.6/site-packages/selenium/webdriver/remote/errorhandler.py", line 242, in check_response
    raise exception_class(message, screen, stacktrace)
selenium.common.exceptions.NoSuchWindowException: Message: no such window: window was already closed
  (Session info: chrome=69.0.3497.92)
  (Driver info: chromedriver=2.42.591071 (0b695ff80972cc1a65a5cd643186d2ae582cd4ac),platform=Linux 4.15.0-36-generic x86_64)


列表页面找不到需要抓取的元素!!!
2018-10-08 08:38:54,068 - spider.driver.base.logger - ERROR - dianpingspotspider.get_shop_comment.[194] - driver.from_page_get_data_list.[2209] : Traceback (most recent call last):
  File "/home/lab421/文档/github/Lab421TouristDspider/spider/driver/base/driver.py", line 2143, in from_page_get_data_list
    elements_list = self.until_presence_of_all_elements_located_by_css_selector(css_selector=page.listcssselector.list_css_selector)
  File "/home/lab421/文档/github/Lab421TouristDspider/spider/driver/base/driver.py", line 868, in until_presence_of_all_elements_located_by_css_selector
    return WebDriverWait(ele, timeout).until(EC.presence_of_all_elements_located((By.CSS_SELECTOR, css_selector)))
  File "/home/lab421/anaconda3/lib/python3.6/site-packages/selenium/webdriver/support/wait.py", line 71, in until
    value = method(self._driver)
  File "/home/lab421/anaconda3/lib/python3.6/site-packages/selenium/webdriver/support/expected_conditions.py", line 161, in __call__
    return _find_elements(driver, self.locator)
  File "/home/lab421/anaconda3/lib/python3.6/site-packages/selenium/webdriver/support/expected_conditions.py", line 422, in _find_elements
    raise e
  File "/home/lab421/anaconda3/lib/python3.6/site-packages/selenium/webdriver/support/expected_conditions.py", line 420, in _find_elements
    return driver.find_elements(*by)
  File "/home/lab421/anaconda3/lib/python3.6/site-packages/selenium/webdriver/remote/webdriver.py", line 995, in find_elements
    'value': value})['value'] or []
  File "/home/lab421/anaconda3/lib/python3.6/site-packages/selenium/webdriver/remote/webdriver.py", line 320, in execute
    self.error_handler.check_response(response)
  File "/home/lab421/anaconda3/lib/python3.6/site-packages/selenium/webdriver/remote/errorhandler.py", line 242, in check_response
    raise exception_class(message, screen, stacktrace)
selenium.common.exceptions.NoSuchWindowException: Message: no such window: window was already closed
  (Session info: chrome=69.0.3497.92)
  (Driver info: chromedriver=2.42.591071 (0b695ff80972cc1a65a5cd643186d2ae582cd4ac),platform=Linux 4.15.0-36-generic x86_64)


During handling of the above exception, another exception occurred:

Traceback (most recent call last):
  File "/home/lab421/文档/github/Lab421TouristDspider/spider/driver/base/driver.py", line 2207, in from_page_get_data_list
    self.driver.back()
  File "/home/lab421/anaconda3/lib/python3.6/site-packages/selenium/webdriver/remote/webdriver.py", line 807, in back
    self.execute(Command.GO_BACK)
  File "/home/lab421/anaconda3/lib/python3.6/site-packages/selenium/webdriver/remote/webdriver.py", line 320, in execute
    self.error_handler.check_response(response)
  File "/home/lab421/anaconda3/lib/python3.6/site-packages/selenium/webdriver/remote/errorhandler.py", line 242, in check_response
    raise exception_class(message, screen, stacktrace)
selenium.common.exceptions.NoSuchWindowException: Message: no such window: window was already closed
  (Session info: chrome=69.0.3497.92)
  (Driver info: chromedriver=2.42.591071 (0b695ff80972cc1a65a5cd643186d2ae582cd4ac),platform=Linux 4.15.0-36-generic x86_64)


没有下一页页面无法回退!!!
2018-10-08 08:38:54,082 - spider.driver.base.logger - ERROR - dianpingspotspider.get_shop_comment.[194] - driver.from_page_get_data_list.[2213] : Traceback (most recent call last):
  File "/home/lab421/文档/github/Lab421TouristDspider/spider/driver/base/driver.py", line 2143, in from_page_get_data_list
    elements_list = self.until_presence_of_all_elements_located_by_css_selector(css_selector=page.listcssselector.list_css_selector)
  File "/home/lab421/文档/github/Lab421TouristDspider/spider/driver/base/driver.py", line 868, in until_presence_of_all_elements_located_by_css_selector
    return WebDriverWait(ele, timeout).until(EC.presence_of_all_elements_located((By.CSS_SELECTOR, css_selector)))
  File "/home/lab421/anaconda3/lib/python3.6/site-packages/selenium/webdriver/support/wait.py", line 71, in until
    value = method(self._driver)
  File "/home/lab421/anaconda3/lib/python3.6/site-packages/selenium/webdriver/support/expected_conditions.py", line 161, in __call__
    return _find_elements(driver, self.locator)
  File "/home/lab421/anaconda3/lib/python3.6/site-packages/selenium/webdriver/support/expected_conditions.py", line 422, in _find_elements
    raise e
  File "/home/lab421/anaconda3/lib/python3.6/site-packages/selenium/webdriver/support/expected_conditions.py", line 420, in _find_elements
    return driver.find_elements(*by)
  File "/home/lab421/anaconda3/lib/python3.6/site-packages/selenium/webdriver/remote/webdriver.py", line 995, in find_elements
    'value': value})['value'] or []
  File "/home/lab421/anaconda3/lib/python3.6/site-packages/selenium/webdriver/remote/webdriver.py", line 320, in execute
    self.error_handler.check_response(response)
  File "/home/lab421/anaconda3/lib/python3.6/site-packages/selenium/webdriver/remote/errorhandler.py", line 242, in check_response
    raise exception_class(message, screen, stacktrace)
selenium.common.exceptions.NoSuchWindowException: Message: no such window: window was already closed
  (Session info: chrome=69.0.3497.92)
  (Driver info: chromedriver=2.42.591071 (0b695ff80972cc1a65a5cd643186d2ae582cd4ac),platform=Linux 4.15.0-36-generic x86_64)


During handling of the above exception, another exception occurred:

Traceback (most recent call last):
  File "/home/lab421/文档/github/Lab421TouristDspider/spider/driver/base/driver.py", line 2207, in from_page_get_data_list
    self.driver.back()
  File "/home/lab421/anaconda3/lib/python3.6/site-packages/selenium/webdriver/remote/webdriver.py", line 807, in back
    self.execute(Command.GO_BACK)
  File "/home/lab421/anaconda3/lib/python3.6/site-packages/selenium/webdriver/remote/webdriver.py", line 320, in execute
    self.error_handler.check_response(response)
  File "/home/lab421/anaconda3/lib/python3.6/site-packages/selenium/webdriver/remote/errorhandler.py", line 242, in check_response
    raise exception_class(message, screen, stacktrace)
selenium.common.exceptions.NoSuchWindowException: Message: no such window: window was already closed
  (Session info: chrome=69.0.3497.92)
  (Driver info: chromedriver=2.42.591071 (0b695ff80972cc1a65a5cd643186d2ae582cd4ac),platform=Linux 4.15.0-36-generic x86_64)


During handling of the above exception, another exception occurred:

Traceback (most recent call last):
  File "/home/lab421/文档/github/Lab421TouristDspider/spider/driver/base/driver.py", line 2211, in from_page_get_data_list
    self.driver.refresh()
  File "/home/lab421/anaconda3/lib/python3.6/site-packages/selenium/webdriver/remote/webdriver.py", line 825, in refresh
    self.execute(Command.REFRESH)
  File "/home/lab421/anaconda3/lib/python3.6/site-packages/selenium/webdriver/remote/webdriver.py", line 320, in execute
    self.error_handler.check_response(response)
  File "/home/lab421/anaconda3/lib/python3.6/site-packages/selenium/webdriver/remote/errorhandler.py", line 242, in check_response
    raise exception_class(message, screen, stacktrace)
selenium.common.exceptions.NoSuchWindowException: Message: no such window: window was already closed
  (Session info: chrome=69.0.3497.92)
  (Driver info: chromedriver=2.42.591071 (0b695ff80972cc1a65a5cd643186d2ae582cd4ac),platform=Linux 4.15.0-36-generic x86_64)


页面遇到不可预见的错误,直接退出程序,请检查!!!
2018-10-08 08:39:09,490 - spider.driver.base.logger - INFO - Start print log
2018-10-08 08:39:09,491 - spider.driver.base.logger - DEBUG - load images is false
2018-10-08 08:39:10,881 - spider.driver.base.logger - DEBUG - 大众点评-天台山-景点
2018-10-08 08:39:12,861 - spider.driver.base.logger - DEBUG - dianpingspotspider.login.[253] - driver.fast_new_page.[2399] : 经过1次创建标签页和0次关闭标签页,成功加载页面!!!
2018-10-08 08:40:53,408 - spider.driver.base.logger - DEBUG - dianpingspotspider.get_shop_comment.[192] - driver.fast_new_page.[2399] : 经过1次创建标签页和0次关闭标签页,成功加载页面!!!
2018-10-08 08:40:53,409 - spider.driver.base.logger - INFO - dianpingspotspider.get_shop_comment.[194] - driver.from_page_get_data_list.[2137] : 大众点评景点评论列表
2018-10-08 08:41:03,706 - spider.driver.base.logger - ERROR - dianpingspotspider.get_shop_comment.[194] - driver.from_page_get_data_list.[2204] : Traceback (most recent call last):
  File "/home/lab421/文档/github/Lab421TouristDspider/spider/driver/base/driver.py", line 2143, in from_page_get_data_list
    elements_list = self.until_presence_of_all_elements_located_by_css_selector(css_selector=page.listcssselector.list_css_selector)
  File "/home/lab421/文档/github/Lab421TouristDspider/spider/driver/base/driver.py", line 868, in until_presence_of_all_elements_located_by_css_selector
    return WebDriverWait(ele, timeout).until(EC.presence_of_all_elements_located((By.CSS_SELECTOR, css_selector)))
  File "/home/lab421/anaconda3/lib/python3.6/site-packages/selenium/webdriver/support/wait.py", line 80, in until
    raise TimeoutException(message, screen, stacktrace)
selenium.common.exceptions.TimeoutException: Message: 


列表页面找不到需要抓取的元素!!!
2018-10-08 08:41:03,862 - spider.driver.base.logger - INFO - dianpingspotspider.get_shop_comment.[202] - driver.info_log.[215] : 第1个,天台山石梁飞瀑景区
2018-10-08 08:41:04,107 - spider.driver.base.logger - WARNING - dianpingspotspider.get_shop_comment.[204] - driver.is_ready_by_proxy_ip.[1522] : 第1次尝试,proxy_ip没有改变,请等待...
2018-10-08 08:41:05,218 - spider.driver.base.logger - WARNING - dianpingspotspider.get_shop_comment.[204] - driver.is_ready_by_proxy_ip.[1522] : 第2次尝试,proxy_ip没有改变,请等待...
2018-10-08 08:41:06,330 - spider.driver.base.logger - WARNING - dianpingspotspider.get_shop_comment.[204] - driver.is_ready_by_proxy_ip.[1522] : 第3次尝试,proxy_ip没有改变,请等待...
2018-10-08 08:41:07,436 - spider.driver.base.logger - WARNING - dianpingspotspider.get_shop_comment.[204] - driver.is_ready_by_proxy_ip.[1522] : 第4次尝试,proxy_ip没有改变,请等待...
2018-10-08 08:41:08,547 - spider.driver.base.logger - WARNING - dianpingspotspider.get_shop_comment.[204] - driver.is_ready_by_proxy_ip.[1522] : 第5次尝试,proxy_ip没有改变,请等待...
2018-10-08 08:41:09,655 - spider.driver.base.logger - WARNING - dianpingspotspider.get_shop_comment.[204] - driver.is_ready_by_proxy_ip.[1522] : 第6次尝试,proxy_ip没有改变,请等待...
2018-10-08 08:41:10,764 - spider.driver.base.logger - WARNING - dianpingspotspider.get_shop_comment.[204] - driver.is_ready_by_proxy_ip.[1522] : 第7次尝试,proxy_ip没有改变,请等待...
2018-10-08 08:41:11,875 - spider.driver.base.logger - WARNING - dianpingspotspider.get_shop_comment.[204] - driver.is_ready_by_proxy_ip.[1522] : 第8次尝试,proxy_ip没有改变,请等待...
2018-10-08 08:41:12,983 - spider.driver.base.logger - WARNING - dianpingspotspider.get_shop_comment.[204] - driver.is_ready_by_proxy_ip.[1522] : 第9次尝试,proxy_ip没有改变,请等待...
2018-10-08 08:41:14,090 - spider.driver.base.logger - WARNING - dianpingspotspider.get_shop_comment.[204] - driver.is_ready_by_proxy_ip.[1522] : 第10次尝试,proxy_ip没有改变,请等待...
2018-10-08 08:41:15,201 - spider.driver.base.logger - WARNING - dianpingspotspider.get_shop_comment.[204] - driver.is_ready_by_proxy_ip.[1522] : 第11次尝试,proxy_ip没有改变,请等待...
2018-10-08 08:41:16,311 - spider.driver.base.logger - WARNING - dianpingspotspider.get_shop_comment.[204] - driver.is_ready_by_proxy_ip.[1522] : 第12次尝试,proxy_ip没有改变,请等待...
2018-10-08 08:41:17,423 - spider.driver.base.logger - WARNING - dianpingspotspider.get_shop_comment.[204] - driver.is_ready_by_proxy_ip.[1522] : 第13次尝试,proxy_ip没有改变,请等待...
2018-10-08 08:41:18,533 - spider.driver.base.logger - WARNING - dianpingspotspider.get_shop_comment.[204] - driver.is_ready_by_proxy_ip.[1522] : 第14次尝试,proxy_ip没有改变,请等待...
2018-10-08 08:41:19,639 - spider.driver.base.logger - WARNING - dianpingspotspider.get_shop_comment.[204] - driver.is_ready_by_proxy_ip.[1522] : 第15次尝试,proxy_ip没有改变,请等待...
2018-10-08 08:41:20,753 - spider.driver.base.logger - WARNING - dianpingspotspider.get_shop_comment.[204] - driver.is_ready_by_proxy_ip.[1522] : 第16次尝试,proxy_ip没有改变,请等待...
2018-10-08 08:41:21,969 - spider.driver.base.logger - WARNING - dianpingspotspider.get_shop_comment.[204] - driver.is_ready_by_proxy_ip.[1522] : 第17次尝试,proxy_ip没有改变,请等待...
2018-10-08 08:41:23,099 - spider.driver.base.logger - WARNING - dianpingspotspider.get_shop_comment.[204] - driver.is_ready_by_proxy_ip.[1522] : 第18次尝试,proxy_ip没有改变,请等待...
2018-10-08 08:41:24,245 - spider.driver.base.logger - WARNING - dianpingspotspider.get_shop_comment.[204] - driver.is_ready_by_proxy_ip.[1522] : 第19次尝试,proxy_ip没有改变,请等待...
2018-10-08 08:41:25,344 - spider.driver.base.logger - WARNING - dianpingspotspider.get_shop_comment.[204] - driver.is_ready_by_proxy_ip.[1522] : 第20次尝试,proxy_ip没有改变,请等待...
2018-10-08 08:41:26,457 - spider.driver.base.logger - WARNING - dianpingspotspider.get_shop_comment.[204] - driver.is_ready_by_proxy_ip.[1522] : 第21次尝试,proxy_ip没有改变,请等待...
2018-10-08 08:41:30,568 - spider.driver.base.logger - WARNING - dianpingspotspider.get_shop_comment.[204] - driver.is_ready_by_proxy_ip.[1522] : 第22次尝试,proxy_ip没有改变,请等待...
2018-10-08 08:41:31,675 - spider.driver.base.logger - WARNING - dianpingspotspider.get_shop_comment.[204] - driver.is_ready_by_proxy_ip.[1522] : 第23次尝试,proxy_ip没有改变,请等待...
2018-10-08 08:41:32,784 - spider.driver.base.logger - WARNING - dianpingspotspider.get_shop_comment.[204] - driver.is_ready_by_proxy_ip.[1522] : 第24次尝试,proxy_ip没有改变,请等待...
2018-10-08 08:41:33,896 - spider.driver.base.logger - WARNING - dianpingspotspider.get_shop_comment.[204] - driver.is_ready_by_proxy_ip.[1522] : 第25次尝试,proxy_ip没有改变,请等待...
2018-10-08 08:41:35,011 - spider.driver.base.logger - WARNING - dianpingspotspider.get_shop_comment.[204] - driver.is_ready_by_proxy_ip.[1522] : 第26次尝试,proxy_ip没有改变,请等待...
2018-10-08 08:41:36,125 - spider.driver.base.logger - WARNING - dianpingspotspider.get_shop_comment.[204] - driver.is_ready_by_proxy_ip.[1522] : 第27次尝试,proxy_ip没有改变,请等待...
2018-10-08 08:41:38,628 - spider.driver.base.logger - DEBUG - dianpingspotspider.get_shop_comment.[204] - driver.is_ready_by_proxy_ip.[1519] : proxy_ip由60.191.32.72变为119.135.85.75
2018-10-08 08:41:39,266 - spider.driver.base.logger - DEBUG - dianpingspotspider.get_shop_comment.[207] - driver.fast_new_page.[2399] : 经过1次创建标签页和0次关闭标签页,成功加载页面!!!
2018-10-08 08:41:40,289 - spider.driver.base.logger - INFO - dianpingspotspider.get_shop_comment.[211] - driver.info_log.[215] : 关闭验证页面!!!
2018-10-08 08:41:40,619 - spider.driver.base.logger - WARNING - dianpingspotspider.get_shop_comment.[204] - driver.is_ready_by_proxy_ip.[1522] : 第1次尝试,proxy_ip没有改变,请等待...
2018-10-08 08:41:41,922 - spider.driver.base.logger - WARNING - dianpingspotspider.get_shop_comment.[204] - driver.is_ready_by_proxy_ip.[1522] : 第2次尝试,proxy_ip没有改变,请等待...
2018-10-08 08:41:43,215 - spider.driver.base.logger - WARNING - dianpingspotspider.get_shop_comment.[204] - driver.is_ready_by_proxy_ip.[1522] : 第3次尝试,proxy_ip没有改变,请等待...
2018-10-08 08:41:44,485 - spider.driver.base.logger - WARNING - dianpingspotspider.get_shop_comment.[204] - driver.is_ready_by_proxy_ip.[1522] : 第4次尝试,proxy_ip没有改变,请等待...
2018-10-08 08:41:45,793 - spider.driver.base.logger - WARNING - dianpingspotspider.get_shop_comment.[204] - driver.is_ready_by_proxy_ip.[1522] : 第5次尝试,proxy_ip没有改变,请等待...
2018-10-08 08:41:47,073 - spider.driver.base.logger - WARNING - dianpingspotspider.get_shop_comment.[204] - driver.is_ready_by_proxy_ip.[1522] : 第6次尝试,proxy_ip没有改变,请等待...
2018-10-08 08:41:48,371 - spider.driver.base.logger - WARNING - dianpingspotspider.get_shop_comment.[204] - driver.is_ready_by_proxy_ip.[1522] : 第7次尝试,proxy_ip没有改变,请等待...
2018-10-08 08:41:54,220 - spider.driver.base.logger - WARNING - dianpingspotspider.get_shop_comment.[204] - driver.is_ready_by_proxy_ip.[1522] : 第8次尝试,proxy_ip没有改变,请等待...
2018-10-08 08:41:55,567 - spider.driver.base.logger - DEBUG - dianpingspotspider.get_shop_comment.[204] - driver.is_ready_by_proxy_ip.[1519] : proxy_ip由119.135.85.75变为123.113.91.54
2018-10-08 08:41:56,210 - spider.driver.base.logger - DEBUG - dianpingspotspider.get_shop_comment.[207] - driver.fast_new_page.[2399] : 经过1次创建标签页和0次关闭标签页,成功加载页面!!!
2018-10-08 08:41:57,234 - spider.driver.base.logger - INFO - dianpingspotspider.get_shop_comment.[211] - driver.info_log.[215] : 关闭验证页面!!!
2018-10-08 08:41:57,523 - spider.driver.base.logger - WARNING - dianpingspotspider.get_shop_comment.[204] - driver.is_ready_by_proxy_ip.[1522] : 第1次尝试,proxy_ip没有改变,请等待...
2018-10-08 08:41:58,773 - spider.driver.base.logger - WARNING - dianpingspotspider.get_shop_comment.[204] - driver.is_ready_by_proxy_ip.[1522] : 第2次尝试,proxy_ip没有改变,请等待...
2018-10-08 08:42:00,102 - spider.driver.base.logger - WARNING - dianpingspotspider.get_shop_comment.[204] - driver.is_ready_by_proxy_ip.[1522] : 第3次尝试,proxy_ip没有改变,请等待...
2018-10-08 08:42:01,361 - spider.driver.base.logger - WARNING - dianpingspotspider.get_shop_comment.[204] - driver.is_ready_by_proxy_ip.[1522] : 第4次尝试,proxy_ip没有改变,请等待...
2018-10-08 08:42:02,635 - spider.driver.base.logger - WARNING - dianpingspotspider.get_shop_comment.[204] - driver.is_ready_by_proxy_ip.[1522] : 第5次尝试,proxy_ip没有改变,请等待...
2018-10-08 08:42:04,035 - spider.driver.base.logger - WARNING - dianpingspotspider.get_shop_comment.[204] - driver.is_ready_by_proxy_ip.[1522] : 第6次尝试,proxy_ip没有改变,请等待...
2018-10-08 08:42:05,314 - spider.driver.base.logger - WARNING - dianpingspotspider.get_shop_comment.[204] - driver.is_ready_by_proxy_ip.[1522] : 第7次尝试,proxy_ip没有改变,请等待...
2018-10-08 08:42:06,558 - spider.driver.base.logger - WARNING - dianpingspotspider.get_shop_comment.[204] - driver.is_ready_by_proxy_ip.[1522] : 第8次尝试,proxy_ip没有改变,请等待...
2018-10-08 08:42:07,813 - spider.driver.base.logger - WARNING - dianpingspotspider.get_shop_comment.[204] - driver.is_ready_by_proxy_ip.[1522] : 第9次尝试,proxy_ip没有改变,请等待...
2018-10-08 08:42:09,045 - spider.driver.base.logger - WARNING - dianpingspotspider.get_shop_comment.[204] - driver.is_ready_by_proxy_ip.[1522] : 第10次尝试,proxy_ip没有改变,请等待...
2018-10-08 08:42:10,326 - spider.driver.base.logger - WARNING - dianpingspotspider.get_shop_comment.[204] - driver.is_ready_by_proxy_ip.[1522] : 第11次尝试,proxy_ip没有改变,请等待...
2018-10-08 08:42:11,601 - spider.driver.base.logger - WARNING - dianpingspotspider.get_shop_comment.[204] - driver.is_ready_by_proxy_ip.[1522] : 第12次尝试,proxy_ip没有改变,请等待...
2018-10-08 08:42:12,895 - spider.driver.base.logger - WARNING - dianpingspotspider.get_shop_comment.[204] - driver.is_ready_by_proxy_ip.[1522] : 第13次尝试,proxy_ip没有改变,请等待...
2018-10-08 08:42:14,159 - spider.driver.base.logger - WARNING - dianpingspotspider.get_shop_comment.[204] - driver.is_ready_by_proxy_ip.[1522] : 第14次尝试,proxy_ip没有改变,请等待...
2018-10-08 08:42:15,418 - spider.driver.base.logger - WARNING - dianpingspotspider.get_shop_comment.[204] - driver.is_ready_by_proxy_ip.[1522] : 第15次尝试,proxy_ip没有改变,请等待...
2018-10-08 08:42:16,673 - spider.driver.base.logger - WARNING - dianpingspotspider.get_shop_comment.[204] - driver.is_ready_by_proxy_ip.[1522] : 第16次尝试,proxy_ip没有改变,请等待...
2018-10-08 08:42:17,964 - spider.driver.base.logger - WARNING - dianpingspotspider.get_shop_comment.[204] - driver.is_ready_by_proxy_ip.[1522] : 第17次尝试,proxy_ip没有改变,请等待...
2018-10-08 08:42:19,233 - spider.driver.base.logger - WARNING - dianpingspotspider.get_shop_comment.[204] - driver.is_ready_by_proxy_ip.[1522] : 第18次尝试,proxy_ip没有改变,请等待...
2018-10-08 08:42:20,501 - spider.driver.base.logger - WARNING - dianpingspotspider.get_shop_comment.[204] - driver.is_ready_by_proxy_ip.[1522] : 第19次尝试,proxy_ip没有改变,请等待...
2018-10-08 08:42:21,767 - spider.driver.base.logger - WARNING - dianpingspotspider.get_shop_comment.[204] - driver.is_ready_by_proxy_ip.[1522] : 第20次尝试,proxy_ip没有改变,请等待...
2018-10-08 08:42:26,845 - spider.driver.base.logger - WARNING - dianpingspotspider.get_shop_comment.[204] - driver.is_ready_by_proxy_ip.[1522] : 第21次尝试,proxy_ip没有改变,请等待...
2018-10-08 08:42:27,972 - spider.driver.base.logger - WARNING - dianpingspotspider.get_shop_comment.[204] - driver.is_ready_by_proxy_ip.[1522] : 第22次尝试,proxy_ip没有改变,请等待...
2018-10-08 08:42:30,253 - spider.driver.base.logger - WARNING - dianpingspotspider.get_shop_comment.[204] - driver.is_ready_by_proxy_ip.[1522] : 第23次尝试,proxy_ip没有改变,请等待...
2018-10-08 08:42:32,152 - spider.driver.base.logger - DEBUG - dianpingspotspider.get_shop_comment.[204] - driver.is_ready_by_proxy_ip.[1519] : proxy_ip由123.113.91.54变为175.155.154.24
2018-10-08 08:42:32,780 - spider.driver.base.logger - DEBUG - dianpingspotspider.get_shop_comment.[207] - driver.fast_new_page.[2399] : 经过1次创建标签页和0次关闭标签页,成功加载页面!!!
2018-10-08 08:42:33,801 - spider.driver.base.logger - INFO - dianpingspotspider.get_shop_comment.[211] - driver.info_log.[215] : 关闭验证页面!!!
2018-10-08 08:42:34,252 - spider.driver.base.logger - WARNING - dianpingspotspider.get_shop_comment.[204] - driver.is_ready_by_proxy_ip.[1522] : 第1次尝试,proxy_ip没有改变,请等待...
2018-10-08 08:42:35,597 - spider.driver.base.logger - WARNING - dianpingspotspider.get_shop_comment.[204] - driver.is_ready_by_proxy_ip.[1522] : 第2次尝试,proxy_ip没有改变,请等待...
2018-10-08 08:42:36,917 - spider.driver.base.logger - WARNING - dianpingspotspider.get_shop_comment.[204] - driver.is_ready_by_proxy_ip.[1522] : 第3次尝试,proxy_ip没有改变,请等待...
2018-10-08 08:42:38,235 - spider.driver.base.logger - WARNING - dianpingspotspider.get_shop_comment.[204] - driver.is_ready_by_proxy_ip.[1522] : 第4次尝试,proxy_ip没有改变,请等待...
2018-10-08 08:42:39,587 - spider.driver.base.logger - WARNING - dianpingspotspider.get_shop_comment.[204] - driver.is_ready_by_proxy_ip.[1522] : 第5次尝试,proxy_ip没有改变,请等待...
2018-10-08 08:42:40,893 - spider.driver.base.logger - WARNING - dianpingspotspider.get_shop_comment.[204] - driver.is_ready_by_proxy_ip.[1522] : 第6次尝试,proxy_ip没有改变,请等待...
2018-10-08 08:42:42,196 - spider.driver.base.logger - WARNING - dianpingspotspider.get_shop_comment.[204] - driver.is_ready_by_proxy_ip.[1522] : 第7次尝试,proxy_ip没有改变,请等待...
2018-10-08 08:42:43,480 - spider.driver.base.logger - WARNING - dianpingspotspider.get_shop_comment.[204] - driver.is_ready_by_proxy_ip.[1522] : 第8次尝试,proxy_ip没有改变,请等待...
2018-10-08 08:42:44,772 - spider.driver.base.logger - WARNING - dianpingspotspider.get_shop_comment.[204] - driver.is_ready_by_proxy_ip.[1522] : 第9次尝试,proxy_ip没有改变,请等待...
2018-10-08 08:42:46,052 - spider.driver.base.logger - WARNING - dianpingspotspider.get_shop_comment.[204] - driver.is_ready_by_proxy_ip.[1522] : 第10次尝试,proxy_ip没有改变,请等待...
2018-10-08 08:42:47,343 - spider.driver.base.logger - WARNING - dianpingspotspider.get_shop_comment.[204] - driver.is_ready_by_proxy_ip.[1522] : 第11次尝试,proxy_ip没有改变,请等待...
2018-10-08 08:42:48,646 - spider.driver.base.logger - WARNING - dianpingspotspider.get_shop_comment.[204] - driver.is_ready_by_proxy_ip.[1522] : 第12次尝试,proxy_ip没有改变,请等待...
2018-10-08 08:42:50,006 - spider.driver.base.logger - WARNING - dianpingspotspider.get_shop_comment.[204] - driver.is_ready_by_proxy_ip.[1522] : 第13次尝试,proxy_ip没有改变,请等待...
2018-10-08 08:42:51,336 - spider.driver.base.logger - WARNING - dianpingspotspider.get_shop_comment.[204] - driver.is_ready_by_proxy_ip.[1522] : 第14次尝试,proxy_ip没有改变,请等待...
2018-10-08 08:42:52,859 - spider.driver.base.logger - WARNING - dianpingspotspider.get_shop_comment.[204] - driver.is_ready_by_proxy_ip.[1522] : 第15次尝试,proxy_ip没有改变,请等待...
2018-10-08 08:42:54,166 - spider.driver.base.logger - WARNING - dianpingspotspider.get_shop_comment.[204] - driver.is_ready_by_proxy_ip.[1522] : 第16次尝试,proxy_ip没有改变,请等待...
2018-10-08 08:42:55,472 - spider.driver.base.logger - WARNING - dianpingspotspider.get_shop_comment.[204] - driver.is_ready_by_proxy_ip.[1522] : 第17次尝试,proxy_ip没有改变,请等待...
2018-10-08 08:42:56,761 - spider.driver.base.logger - WARNING - dianpingspotspider.get_shop_comment.[204] - driver.is_ready_by_proxy_ip.[1522] : 第18次尝试,proxy_ip没有改变,请等待...
2018-10-08 08:43:01,141 - spider.driver.base.logger - WARNING - dianpingspotspider.get_shop_comment.[204] - driver.is_ready_by_proxy_ip.[1522] : 第19次尝试,proxy_ip没有改变,请等待...
2018-10-08 08:43:02,445 - spider.driver.base.logger - DEBUG - dianpingspotspider.get_shop_comment.[204] - driver.is_ready_by_proxy_ip.[1519] : proxy_ip由175.155.154.24变为220.186.132.182
2018-10-08 08:43:02,965 - spider.driver.base.logger - DEBUG - dianpingspotspider.get_shop_comment.[207] - driver.fast_new_page.[2399] : 经过1次创建标签页和0次关闭标签页,成功加载页面!!!
2018-10-08 08:43:03,983 - spider.driver.base.logger - INFO - dianpingspotspider.get_shop_comment.[211] - driver.info_log.[215] : 关闭验证页面!!!
2018-10-08 08:43:04,201 - spider.driver.base.logger - WARNING - dianpingspotspider.get_shop_comment.[204] - driver.is_ready_by_proxy_ip.[1522] : 第1次尝试,proxy_ip没有改变,请等待...
2018-10-08 08:43:05,344 - spider.driver.base.logger - WARNING - dianpingspotspider.get_shop_comment.[204] - driver.is_ready_by_proxy_ip.[1522] : 第2次尝试,proxy_ip没有改变,请等待...
2018-10-08 08:43:06,556 - spider.driver.base.logger - WARNING - dianpingspotspider.get_shop_comment.[204] - driver.is_ready_by_proxy_ip.[1522] : 第3次尝试,proxy_ip没有改变,请等待...
2018-10-08 08:43:07,711 - spider.driver.base.logger - WARNING - dianpingspotspider.get_shop_comment.[204] - driver.is_ready_by_proxy_ip.[1522] : 第4次尝试,proxy_ip没有改变,请等待...
2018-10-08 08:43:08,867 - spider.driver.base.logger - WARNING - dianpingspotspider.get_shop_comment.[204] - driver.is_ready_by_proxy_ip.[1522] : 第5次尝试,proxy_ip没有改变,请等待...
2018-10-08 08:43:10,415 - spider.driver.base.logger - WARNING - dianpingspotspider.get_shop_comment.[204] - driver.is_ready_by_proxy_ip.[1522] : 第6次尝试,proxy_ip没有改变,请等待...
2018-10-08 08:43:11,573 - spider.driver.base.logger - WARNING - dianpingspotspider.get_shop_comment.[204] - driver.is_ready_by_proxy_ip.[1522] : 第7次尝试,proxy_ip没有改变,请等待...
2018-10-08 08:43:12,723 - spider.driver.base.logger - WARNING - dianpingspotspider.get_shop_comment.[204] - driver.is_ready_by_proxy_ip.[1522] : 第8次尝试,proxy_ip没有改变,请等待...
2018-10-08 08:43:13,882 - spider.driver.base.logger - WARNING - dianpingspotspider.get_shop_comment.[204] - driver.is_ready_by_proxy_ip.[1522] : 第9次尝试,proxy_ip没有改变,请等待...
2018-10-08 08:43:15,038 - spider.driver.base.logger - WARNING - dianpingspotspider.get_shop_comment.[204] - driver.is_ready_by_proxy_ip.[1522] : 第10次尝试,proxy_ip没有改变,请等待...
